Traceback (most recent call last):
  File "C:\Users\Daniel\AppData\Local\Programs\Python\Python311\Lib\site-packages\jupyter_cache\executors\utils.py", line 58, in single_nb_execution
    executenb(
  File "C:\Users\Daniel\AppData\Local\Programs\Python\Python311\Lib\site-packages\nbclient\client.py", line 1265, in execute
    return NotebookClient(nb=nb, resources=resources, km=km, **kwargs).execute()
           ^^^^^^^^^^^^^^^^^^^^^^^^^^^^^^^^^^^^^^^^^^^^^^^^^^^^^^^^^^^^^^^^^^^^^
  File "C:\Users\Daniel\AppData\Roaming\Python\Python311\site-packages\jupyter_core\utils\__init__.py", line 166, in wrapped
    return loop.run_until_complete(inner)
           ^^^^^^^^^^^^^^^^^^^^^^^^^^^^^^
  File "C:\Users\Daniel\AppData\Local\Programs\Python\Python311\Lib\asyncio\base_events.py", line 653, in run_until_complete
    return future.result()
           ^^^^^^^^^^^^^^^
  File "C:\Users\Daniel\AppData\Local\Programs\Python\Python311\Lib\site-packages\nbclient\client.py", line 703, in async_execute
    await self.async_execute_cell(
  File "C:\Users\Daniel\AppData\Local\Programs\Python\Python311\Lib\site-packages\nbclient\client.py", line 1021, in async_execute_cell
    await self._check_raise_for_error(cell, cell_index, exec_reply)
  File "C:\Users\Daniel\AppData\Local\Programs\Python\Python311\Lib\site-packages\nbclient\client.py", line 915, in _check_raise_for_error
    raise CellExecutionError.from_cell_and_msg(cell, exec_reply_content)
nbclient.exceptions.CellExecutionError: An error occurred while executing the following cell:
------------------
def sparing():
    # Sparemål og startverdi
    sparemål = 100000       # Sparemål fra oppgavetekst
    saldo = 0               # må initieres med "0"
    måneder = 0             # må initieres med "0"

    # Brukerinput: månedlig sparing - input vil komme opp øverst på skjermen
    månedlig_sparing = float(input("Hvor mye vil du spare per måned? "))

    # While-løkke for å beregne sparing hvor mye penger spart
    while saldo < sparemål:
        måneder += 1
        saldo += månedlig_sparing

        # If/elif/else for statusmeldinger underveis i spareprosessen :)
        if saldo >= 100000:
            print(f"Måned {måneder}: Du har spart {saldo:.2f} kr! Målet er nådd!")
        elif saldo >= 50000:
            print(f"Måned {måneder}: Du har spart {saldo:.2f} kr! Halvveis der!")
        elif saldo >= 25000:
            print(f"Måned {måneder}: Du har spart {saldo:.2f} kr! God start!")
        else:
            print(f"Måned {måneder}: Sparte {månedlig_sparing} kr, saldo: {saldo:.2f} kr")

    print(f"Gratulerer! Du har nådd sparemålet på {sparemål} kr etter {måneder} måneder!")

# Kjør funksjonenen vi har lagd
sparing()
------------------

[1;31m---------------------------------------------------------------------------[0m
[1;31mStdinNotImplementedError[0m                  Traceback (most recent call last)
Cell [1;32mIn[8], line 28[0m
[0;32m     25[0m     [38;5;28mprint[39m([38;5;124mf[39m[38;5;124m"[39m[38;5;124mGratulerer! Du har nådd sparemålet på [39m[38;5;132;01m{[39;00msparemål[38;5;132;01m}[39;00m[38;5;124m kr etter [39m[38;5;132;01m{[39;00mmåneder[38;5;132;01m}[39;00m[38;5;124m måneder![39m[38;5;124m"[39m)
[0;32m     27[0m [38;5;66;03m# Kjør funksjonenen vi har lagd[39;00m
[1;32m---> 28[0m [43msparing[49m[43m([49m[43m)[49m

Cell [1;32mIn[8], line 8[0m, in [0;36msparing[1;34m()[0m
[0;32m      5[0m måneder [38;5;241m=[39m [38;5;241m0[39m             [38;5;66;03m# må initieres med "0"[39;00m
[0;32m      7[0m [38;5;66;03m# Brukerinput: månedlig sparing - input vil komme opp øverst på skjermen[39;00m
[1;32m----> 8[0m månedlig_sparing [38;5;241m=[39m [38;5;28mfloat[39m([38;5;28;43minput[39;49m[43m([49m[38;5;124;43m"[39;49m[38;5;124;43mHvor mye vil du spare per måned? [39;49m[38;5;124;43m"[39;49m[43m)[49m)
[0;32m     10[0m [38;5;66;03m# While-løkke for å beregne sparing hvor mye penger spart[39;00m
[0;32m     11[0m [38;5;28;01mwhile[39;00m saldo [38;5;241m<[39m sparemål:

File [1;32m~\AppData\Roaming\Python\Python311\site-packages\ipykernel\kernelbase.py:1190[0m, in [0;36mKernel.raw_input[1;34m(self, prompt)[0m
[0;32m   1188[0m [38;5;28;01mif[39;00m [38;5;129;01mnot[39;00m [38;5;28mself[39m[38;5;241m.[39m_allow_stdin:
[0;32m   1189[0m     msg [38;5;241m=[39m [38;5;124m"[39m[38;5;124mraw_input was called, but this frontend does not support input requests.[39m[38;5;124m"[39m
[1;32m-> 1190[0m     [38;5;28;01mraise[39;00m StdinNotImplementedError(msg)
[0;32m   1191[0m [38;5;28;01mreturn[39;00m [38;5;28mself[39m[38;5;241m.[39m_input_request(
[0;32m   1192[0m     [38;5;28mstr[39m(prompt),
[0;32m   1193[0m     [38;5;28mself[39m[38;5;241m.[39m_parent_ident[[38;5;124m"[39m[38;5;124mshell[39m[38;5;124m"[39m],
[0;32m   1194[0m     [38;5;28mself[39m[38;5;241m.[39mget_parent([38;5;124m"[39m[38;5;124mshell[39m[38;5;124m"[39m),
[0;32m   1195[0m     password[38;5;241m=[39m[38;5;28;01mFalse[39;00m,
[0;32m   1196[0m )

[1;31mStdinNotImplementedError[0m: raw_input was called, but this frontend does not support input requests.
StdinNotImplementedError: raw_input was called, but this frontend does not support input requests.

